# Logfile created on 2023-08-06 05:04:16 +0000 by logger.rb/v1.5.3
I, [2023-08-06T05:04:16.383141 #1]  INFO -- : Using GitHub Features: Defaults
E, [2023-08-06T05:04:16.383481 #1] ERROR -- : Unable to locate credentials for 'https://github.com/jeremaquai/jeremaquai.me'
/usr/local/bundle/gems/actions_importer-1.3.20483/lib/valet/models/credentials_store.rb:89:in `credentials_for_url'
/usr/local/bundle/gems/actions_importer-1.3.20483/lib/valet/models/credentials_store.rb:77:in `block in parse_credentials'
/usr/local/bundle/gems/actions_importer-1.3.20483/lib/valet/models/credentials_store.rb:73:in `each'
/usr/local/bundle/gems/actions_importer-1.3.20483/lib/valet/models/credentials_store.rb:73:in `parse_credentials'
/usr/local/bundle/gems/actions_importer-1.3.20483/lib/valet/concerns/cli_utilities.rb:74:in `fill_valet_options'
/usr/local/bundle/gems/actions_importer-1.3.20483/lib/valet/subcommands/audit.rb:124:in `gitlab'
/usr/local/bundle/gems/thor-1.2.2/lib/thor/command.rb:27:in `run'
/usr/local/bundle/gems/thor-1.2.2/lib/thor/invocation.rb:127:in `invoke_command'
/usr/local/bundle/gems/thor-1.2.2/lib/thor.rb:392:in `dispatch'
/usr/local/bundle/gems/thor-1.2.2/lib/thor/invocation.rb:116:in `invoke'
/usr/local/bundle/gems/thor-1.2.2/lib/thor.rb:243:in `block in subcommand'
/usr/local/bundle/gems/thor-1.2.2/lib/thor/command.rb:27:in `run'
/usr/local/bundle/gems/thor-1.2.2/lib/thor/invocation.rb:127:in `invoke_command'
/usr/local/bundle/gems/thor-1.2.2/lib/thor.rb:392:in `dispatch'
/usr/local/bundle/gems/thor-1.2.2/lib/thor/base.rb:485:in `start'
/usr/local/bundle/gems/actions_importer-1.3.20483/exe/actions-importer:19:in `<top (required)>'
/usr/local/bundle/bin/actions-importer:25:in `load'
/usr/local/bundle/bin/actions-importer:25:in `<main>'
